1599217975592	mozrunner::runner	INFO	Running command: "C:\\Program Files\\Mozilla Firefox\\firefox.exe" "-marionette" "-foreground" "-no-remote" "-profile" "C:\\Users\\Vera\\AppData\\Local\\Temp\\rust_mozprofilex2s9UJ"
JavaScript error: resource://gre/modules/XULStore.jsm, line 66: Error: Can't find profile directory.
console.error: SearchCache: "_readCacheFile: Error reading cache file:" (new Error("", "(unknown module)"))
1599217978285	Marionette	INFO	Listening on port 52938
1599217978733	Marionette	WARN	TLS certificate errors will be ignored for this session
1599218103295	Marionette	INFO	Stopped listening on port 52938

###!!! [Child][RunMessage] Error: Channel closing: too late to send/recv, messages will be lost


###!!! [Child][MessageChannel::SendAndWait] Error: Channel error: cannot send/recv

modules/XULStore.jsm, line 66: Error: Can't find profile directory.
console.error: SearchCache: "_readCacheFile: Error reading cache file:" (new Error("", "(unknown module)"))
1599218072344	Marionette	INFO	Listening on port 52991
1599218072732	Marionette	WARN	TLS certificate errors will be ignored for this session
1599218105884	Marionette	INFO	Stopped listening on port 52991

###!!! [Child][RunMessage] Error: Channel closing: too late to send/recv, messages will be lost


###!!! [Child][MessageChannel::SendAndWait] Error: Channel error: cannot send/recv

1599218205307	mozrunner::runner	INFO	Running command: "C:\\Program Files\\Mozilla Firefox\\firefox.exe" "-marionette" "-foreground" "-no-remote" "-profile" "C:\\Users\\Vera\\AppData\\Local\\Temp\\rust_mozprofilegSeINz"
JavaScript error: resource://gre/modules/XULStore.jsm, line 66: Error: Can't find profile directory.
console.error: SearchCache: "_readCacheFile: Error reading cache file:" (new Error("", "(unknown module)"))
1599218207842	Marionette	INFO	Listening on port 53046
1599218207926	Marionette	WARN	TLS certificate errors will be ignored for this session
1599218518817	Marionette	INFO	Stopped listening on port 53046

###!!! [Child][RunMessage] Error: Channel closing: too late to send/recv, messages will be lost


###!!! [Child][MessageChannel::SendAndWait] Error: Channel error: cannot send/recv

modules/XULStore.jsm, line 66: Error: Can't find profile directory.
console.error: SearchCache: "_readCacheFile: Error reading cache file:" (new Error("", "(unknown module)"))
1599218272879	Marionette	INFO	Listening on port 53136
1599218273243	Marionette	WARN	TLS certificate errors will be ignored for this session
1599218276878	Marionette	INFO	Stopped listening on port 53136

###!!! [Child][RunMessage] Error: Channel closing: too late to send/recv, messages will be lost


###!!! [Child][MessageChannel::SendAndWait] Error: Channel error: cannot send/recv

1599218645424	mozrunner::runner	INFO	Running command: "C:\\Program Files\\Mozilla Firefox\\firefox.exe" "-marionette" "-foreground" "-no-remote" "-profile" "C:\\Users\\Vera\\AppData\\Local\\Temp\\rust_mozprofilexCiewS"
JavaScript error: resource://gre/modules/XULStore.jsm, line 66: Error: Can't find profile directory.
console.error: SearchCache: "_readCacheFile: Error reading cache file:" (new Error("", "(unknown module)"))
1599218647986	Marionette	INFO	Listening on port 53270
1599218648049	Marionette	WARN	TLS certificate errors will be ignored for this session
1599218716191	Marionette	INFO	Stopped listening on port 53270

###!!! [Child][RunMessage] Error: Channel closing: too late to send/recv, messages will be lost


###!!! [Child][MessageChannel::SendAndWait] Error: Channel error: cannot send/recv

modules/XULStore.jsm, line 66: Error: Can't find profile directory.
console.error: SearchCache: "_readCacheFile: Error reading cache file:" (new Error("", "(unknown module)"))
1599218709902	Marionette	INFO	Listening on port 53315
1599218709917	Marionette	WARN	TLS certificate errors will be ignored for this session
1599218720663	Marionette	INFO	Stopped listening on port 53315

###!!! [Child][RunMessage] Error: Channel closing: too late to send/recv, messages will be lost


###!!! [Child][MessageChannel::SendAndWait] Error: Channel error: cannot send/recv

1599218737456	mozrunner::runner	INFO	Running command: "C:\\Program Files\\Mozilla Firefox\\firefox.exe" "-marionette" "-foreground" "-no-remote" "-profile" "C:\\Users\\Vera\\AppData\\Local\\Temp\\rust_mozprofileNCUrdv"
JavaScript error: resource://gre/modules/XULStore.jsm, line 66: Error: Can't find profile directory.
console.error: SearchCache: "_readCacheFile: Error reading cache file:" (new Error("", "(unknown module)"))
1599218740136	Marionette	INFO	Listening on port 53360
1599218740574	Marionette	WARN	TLS certificate errors will be ignored for this session
1599218741286	Marionette	INFO	Stopped listening on port 53360

###!!! [Child][RunMessage] Error: Channel closing: too late to send/recv, messages will be lost


###!!! [Child][MessageChannel::SendAndWait] Error: Channel error: cannot send/recv

1599218967410	mozrunner::runner	INFO	Running command: "C:\\Program Files\\Mozilla Firefox\\firefox.exe" "-marionette" "-foreground" "-no-remote" "-profile" "C:\\Users\\Vera\\AppData\\Local\\Temp\\rust_mozprofileROrS1G"
JavaScript error: resource://gre/modules/XULStore.jsm, line 66: Error: Can't find profile directory.
console.error: SearchCache: "_readCacheFile: Error reading cache file:" (new Error("", "(unknown module)"))
1599218970035	Marionette	INFO	Listening on port 53417
1599218970538	Marionette	WARN	TLS certificate errors will be ignored for this session
1599218972461	Marionette	INFO	Stopped listening on port 53417

###!!! [Child][RunMessage] Error: Channel closing: too late to send/recv, messages will be lost


###!!! [Child][MessageChannel::SendAndWait] Error: Channel error: cannot send/recv

1599219058836	mozrunner::runner	INFO	Running command: "C:\\Program Files\\Mozilla Firefox\\firefox.exe" "-marionette" "-foreground" "-no-remote" "-profile" "C:\\Users\\Vera\\AppData\\Local\\Temp\\rust_mozprofileoDefJK"
JavaScript error: resource://gre/modules/XULStore.jsm, line 66: Error: Can't find profile directory.
console.error: SearchCache: "_readCacheFile: Error reading cache file:" (new Error("", "(unknown module)"))
1599219061369	Marionette	INFO	Listening on port 53469
1599219061484	Marionette	WARN	TLS certificate errors will be ignored for this session
1599219062433	Marionette	INFO	Stopped listening on port 53469

###!!! [Child][RunMessage] Error: Channel closing: too late to send/recv, messages will be lost


###!!! [Child][MessageChannel::SendAndWait] Error: Channel error: cannot send/recv

1599219487232	mozrunner::runner	INFO	Running command: "C:\\Program Files\\Mozilla Firefox\\firefox.exe" "-marionette" "-foreground" "-no-remote" "-profile" "C:\\Users\\Vera\\AppData\\Local\\Temp\\rust_mozprofileE5XTBL"
JavaScript error: resource://gre/modules/XULStore.jsm, line 66: Error: Can't find profile directory.
console.error: SearchCache: "_readCacheFile: Error reading cache file:" (new Error("", "(unknown module)"))
1599219489930	Marionette	INFO	Listening on port 53691
1599219490351	Marionette	WARN	TLS certificate errors will be ignored for this session
1599219491276	Marionette	INFO	Stopped listening on port 53691

###!!! [Child][RunMessage] Error: Channel closing: too late to send/recv, messages will be lost


###!!! [Child][MessageChannel::SendAndWait] Error: Channel error: cannot send/recv

1599219503520	mozrunner::runner	INFO	Running command: "C:\\Program Files\\Mozilla Firefox\\firefox.exe" "-marionette" "-foreground" "-no-remote" "-profile" "C:\\Users\\Vera\\AppData\\Local\\Temp\\rust_mozprofilegPRsc2"
JavaScript error: resource://gre/modules/XULStore.jsm, line 66: Error: Can't find profile directory.
console.error: SearchCache: "_readCacheFile: Error reading cache file:" (new Error("", "(unknown module)"))
1599219506063	Marionette	INFO	Listening on port 53740
1599219506141	Marionette	WARN	TLS certificate errors will be ignored for this session
1599219506957	Marionette	INFO	Stopped listening on port 53740

###!!! [Child][RunMessage] Error: Channel closing: too late to send/recv, messages will be lost


###!!! [Child][MessageChannel::SendAndWait] Error: Channel error: cannot send/recv

1599219829365	mozrunner::runner	INFO	Running command: "C:\\Program Files\\Mozilla Firefox\\firefox.exe" "-marionette" "-foreground" "-no-remote" "-profile" "C:\\Users\\Vera\\AppData\\Local\\Temp\\rust_mozprofileLSNYyO"
JavaScript error: resource://gre/modules/XULStore.jsm, line 66: Error: Can't find profile directory.
console.error: SearchCache: "_readCacheFile: Error reading cache file:" (new Error("", "(unknown module)"))
1599219831896	Marionette	INFO	Listening on port 53856
1599219832006	Marionette	WARN	TLS certificate errors will be ignored for this session
1599219832973	Marionette	INFO	Stopped listening on port 53856

###!!! [Child][RunMessage] Error: Channel closing: too late to send/recv, messages will be lost


###!!! [Child][MessageChannel::SendAndWait] Error: Channel error: cannot send/recv

1599220107006	mozrunner::runner	INFO	Running command: "C:\\Program Files\\Mozilla Firefox\\firefox.exe" "-marionette" "-foreground" "-no-remote" "-profile" "C:\\Users\\Vera\\AppData\\Local\\Temp\\rust_mozprofilecFx9ag"
JavaScript error: resource://gre/modules/XULStore.jsm, line 66: Error: Can't find profile directory.
console.error: SearchCache: "_readCacheFile: Error reading cache file:" (new Error("", "(unknown module)"))
1599220109762	Marionette	INFO	Listening on port 53933
1599220110125	Marionette	WARN	TLS certificate errors will be ignored for this session
1599221518980	Marionette	INFO	Stopped listening on port 53933

###!!! [Child][RunMessage] Error: Channel closing: too late to send/recv, messages will be lost


###!!! [Child][MessageChannel::SendAndWait] Error: Channel error: cannot send/recv

modules/XULStore.jsm, line 66: Error: Can't find profile directory.
console.error: SearchCache: "_readCacheFile: Error reading cache file:" (new Error("", "(unknown module)"))
1599220173419	Marionette	INFO	Listening on port 53987
1599220173802	Marionette	WARN	TLS certificate errors will be ignored for this session
1599220174786	Marionette	INFO	Stopped listening on port 53987

###!!! [Child][RunMessage] Error: Channel closing: too late to send/recv, messages will be lost


###!!! [Child][MessageChannel::SendAndWait] Error: Channel error: cannot send/recv

1599220531167	mozrunner::runner	INFO	Running command: "C:\\Program Files\\Mozilla Firefox\\firefox.exe" "-marionette" "-foreground" "-no-remote" "-profile" "C:\\Users\\Vera\\AppData\\Local\\Temp\\rust_mozprofileOFYClJ"
JavaScript error: resource://gre/modules/XULStore.jsm, line 66: Error: Can't find profile directory.
console.error: SearchCache: "_readCacheFile: Error reading cache file:" (new Error("", "(unknown module)"))
1599220534101	Marionette	INFO	Listening on port 54142
1599220534292	Marionette	WARN	TLS certificate errors will be ignored for this session
1599220535578	Marionette	INFO	Stopped listening on port 54142
console.error: services.settings: 
  main/whats-new-panel Signature failed  TypeError: NetworkError when attempting to fetch resource.

###!!! [Child][RunMessage] Error: Channel closing: too late to send/recv, messages will be lost


###!!! [Child][MessageChannel::SendAndWait] Error: Channel error: cannot send/recv

1599220581278	mozrunner::runner	INFO	Running command: "C:\\Program Files\\Mozilla Firefox\\firefox.exe" "-marionette" "-foreground" "-no-remote" "-profile" "C:\\Users\\Vera\\AppData\\Local\\Temp\\rust_mozprofile78z8EX"
JavaScript error: resource://gre/modules/XULStore.jsm, line 66: Error: Can't find profile directory.
console.error: SearchCache: "_readCacheFile: Error reading cache file:" (new Error("", "(unknown module)"))
1599220583887	Marionette	INFO	Listening on port 54188
1599220583919	Marionette	WARN	TLS certificate errors will be ignored for this session
1599220585137	Marionette	INFO	Stopped listening on port 54188

###!!! [Child][RunMessage] Error: Channel closing: too late to send/recv, messages will be lost


###!!! [Child][MessageChannel::SendAndWait] Error: Channel error: cannot send/recv

1599220595588	mozrunner::runner	INFO	Running command: "C:\\Program Files\\Mozilla Firefox\\firefox.exe" "-marionette" "-foreground" "-no-remote" "-profile" "C:\\Users\\Vera\\AppData\\Local\\Temp\\rust_mozprofilea5iwB8"
JavaScript error: resource://gre/modules/XULStore.jsm, line 66: Error: Can't find profile directory.
console.error: SearchCache: "_readCacheFile: Error reading cache file:" (new Error("", "(unknown module)"))
1599220598286	Marionette	INFO	Listening on port 54232
1599220598711	Marionette	WARN	TLS certificate errors will be ignored for this session
1599220599364	Marionette	INFO	Stopped listening on port 54232

###!!! [Child][RunMessage] Error: Channel closing: too late to send/recv, messages will be lost


###!!! [Child][MessageChannel::SendAndWait] Error: Channel error: cannot send/recv

1599220742905	mozrunner::runner	INFO	Running command: "C:\\Program Files\\Mozilla Firefox\\firefox.exe" "-marionette" "-foreground" "-no-remote" "-profile" "C:\\Users\\Vera\\AppData\\Local\\Temp\\rust_mozprofileHitPVS"
JavaScript error: resource://gre/modules/XULStore.jsm, line 66: Error: Can't find profile directory.
console.error: SearchCache: "_readCacheFile: Error reading cache file:" (new Error("", "(unknown module)"))
1599220745678	Marionette	INFO	Listening on port 54311
1599220746028	Marionette	WARN	TLS certificate errors will be ignored for this session
1599221518002	Marionette	INFO	Stopped listening on port 54311

###!!! [Child][RunMessage] Error: Channel closing: too late to send/recv, messages will be lost


###!!! [Child][MessageChannel::SendAndWait] Error: Channel error: cannot send/recv

modules/XULStore.jsm, line 66: Error: Can't find profile directory.
console.error: SearchCache: "_readCacheFile: Error reading cache file:" (new Error("", "(unknown module)"))
1599220832144	Marionette	INFO	Listening on port 54393
1599220832509	Marionette	WARN	TLS certificate errors will be ignored for this session
1599221516867	Marionette	INFO	Stopped listening on port 54393

###!!! [Child][RunMessage] Error: Channel closing: too late to send/recv, messages will be lost


###!!! [Child][MessageChannel::SendAndWait] Error: Channel error: cannot send/recv

modules/XULStore.jsm, line 66: Error: Can't find profile directory.
console.error: SearchCache: "_readCacheFile: Error reading cache file:" (new Error("", "(unknown module)"))
1599220860885	Marionette	INFO	Listening on port 54444
1599220860921	Marionette	WARN	TLS certificate errors will be ignored for this session
1599221515897	Marionette	INFO	Stopped listening on port 54444

###!!! [Child][RunMessage] Error: Channel closing: too late to send/recv, messages will be lost


###!!! [Child][MessageChannel::SendAndWait] Error: Channel error: cannot send/recv

modules/XULStore.jsm, line 66: Error: Can't find profile directory.
console.error: SearchCache: "_readCacheFile: Error reading cache file:" (new Error("", "(unknown module)"))
1599220877129	Marionette	INFO	Listening on port 54488
1599220877605	Marionette	WARN	TLS certificate errors will be ignored for this session
1599220878573	Marionette	INFO	Stopped listening on port 54488
console.error: services.settings: 
  main/cfr Signature failed  TypeError: NetworkError when attempting to fetch resource.
[Parent 16272, Gecko_IOThread] WARNING: file /builds/worker/checkouts/gecko/ipc/chromium/src/base/process_util_win.cc, line 166

###!!! [Child][RunMessage] Error: Channel closing: too late to send/recv, messages will be lost


###!!! [Child][MessageChannel::SendAndWait] Error: Channel error: cannot send/recv

1599221003137	mozrunner::runner	INFO	Running command: "C:\\Program Files\\Mozilla Firefox\\firefox.exe" "-marionette" "-foreground" "-no-remote" "-profile" "C:\\Users\\Vera\\AppData\\Local\\Temp\\rust_mozprofileG6xy9J"
JavaScript error: resource://gre/modules/XULStore.jsm, line 66: Error: Can't find profile directory.
console.error: SearchCache: "_readCacheFile: Error reading cache file:" (new Error("", "(unknown module)"))
1599221005793	Marionette	INFO	Listening on port 54542
1599221006262	Marionette	WARN	TLS certificate errors will be ignored for this session
1599221007006	Marionette	INFO	Stopped listening on port 54542

###!!! [Child][RunMessage] Error: Channel closing: too late to send/recv, messages will be lost


###!!! [Child][MessageChannel::SendAndWait] Error: Channel error: cannot send/recv

1599221068935	mozrunner::runner	INFO	Running command: "C:\\Program Files\\Mozilla Firefox\\firefox.exe" "-marionette" "-foreground" "-no-remote" "-profile" "C:\\Users\\Vera\\AppData\\Local\\Temp\\rust_mozprofileMrWqHU"
JavaScript error: resource://gre/modules/XULStore.jsm, line 66: Error: Can't find profile directory.
console.error: SearchCache: "_readCacheFile: Error reading cache file:" (new Error("", "(unknown module)"))
1599221071679	Marionette	INFO	Listening on port 54588
1599221072058	Marionette	WARN	TLS certificate errors will be ignored for this session
1599221072806	Marionette	INFO	Stopped listening on port 54588

###!!! [Child][RunMessage] Error: Channel closing: too late to send/recv, messages will be lost


###!!! [Child][MessageChannel::SendAndWait] Error: Channel error: cannot send/recv

1599221105739	mozrunner::runner	INFO	Running command: "C:\\Program Files\\Mozilla Firefox\\firefox.exe" "-marionette" "-foreground" "-no-remote" "-profile" "C:\\Users\\Vera\\AppData\\Local\\Temp\\rust_mozprofilejP5RWT"
JavaScript error: resource://gre/modules/XULStore.jsm, line 66: Error: Can't find profile directory.
console.error: SearchCache: "_readCacheFile: Error reading cache file:" (new Error("", "(unknown module)"))
1599221108299	Marionette	INFO	Listening on port 54640
1599221108359	Marionette	WARN	TLS certificate errors will be ignored for this session
1599221109701	Marionette	INFO	Stopped listening on port 54640

###!!! [Child][RunMessage] Error: Channel closing: too late to send/recv, messages will be lost


###!!! [Child][MessageChannel::SendAndWait] Error: Channel error: cannot send/recv

1599221129506	mozrunner::runner	INFO	Running command: "C:\\Program Files\\Mozilla Firefox\\firefox.exe" "-marionette" "-foreground" "-no-remote" "-profile" "C:\\Users\\Vera\\AppData\\Local\\Temp\\rust_mozprofileTqnequ"
JavaScript error: resource://gre/modules/XULStore.jsm, line 66: Error: Can't find profile directory.
console.error: SearchCache: "_readCacheFile: Error reading cache file:" (new Error("", "(unknown module)"))
1599221132136	Marionette	INFO	Listening on port 54689
1599221132630	Marionette	WARN	TLS certificate errors will be ignored for this session
1599221133429	Marionette	INFO	Stopped listening on port 54689

###!!! [Child][RunMessage] Error: Channel closing: too late to send/recv, messages will be lost


###!!! [Child][MessageChannel::SendAndWait] Error: Channel error: cannot send/recv

1599221165242	mozrunner::runner	INFO	Running command: "C:\\Program Files\\Mozilla Firefox\\firefox.exe" "-marionette" "-foreground" "-no-remote" "-profile" "C:\\Users\\Vera\\AppData\\Local\\Temp\\rust_mozprofilelUnQCz"
JavaScript error: resource://gre/modules/XULStore.jsm, line 66: Error: Can't find profile directory.
console.error: SearchCache: "_readCacheFile: Error reading cache file:" (new Error("", "(unknown module)"))
1599221167823	Marionette	INFO	Listening on port 54738
1599221167870	Marionette	WARN	TLS certificate errors will be ignored for this session
1599221168887	Marionette	INFO	Stopped listening on port 54738
[Parent 11516, Gecko_IOThread] WARNING: file /builds/worker/checkouts/gecko/ipc/chromium/src/base/process_util_win.cc, line 166

###!!! [Child][RunMessage] Error: Channel closing: too late to send/recv, messages will be lost


###!!! [Child][MessageChannel::SendAndWait] Error: Channel error: cannot send/recv

1599221337087	mozrunner::runner	INFO	Running command: "C:\\Program Files\\Mozilla Firefox\\firefox.exe" "-marionette" "-foreground" "-no-remote" "-profile" "C:\\Users\\Vera\\AppData\\Local\\Temp\\rust_mozprofile3IbOym"
JavaScript error: resource://gre/modules/XULStore.jsm, line 66: Error: Can't find profile directory.
console.error: SearchCache: "_readCacheFile: Error reading cache file:" (new Error("", "(unknown module)"))
1599221339755	Marionette	INFO	Listening on port 54792
1599221340209	Marionette	WARN	TLS certificate errors will be ignored for this session
1599221340834	Marionette	INFO	Stopped listening on port 54792

###!!! [Child][RunMessage] Error: Channel closing: too late to send/recv, messages will be lost


###!!! [Child][MessageChannel::SendAndWait] Error: Channel error: cannot send/recv

1599221498668	mozrunner::runner	INFO	Running command: "C:\\Program Files\\Mozilla Firefox\\firefox.exe" "-marionette" "-foreground" "-no-remote" "-profile" "C:\\Users\\Vera\\AppData\\Local\\Temp\\rust_mozprofileodi2bT"
JavaScript error: resource://gre/modules/XULStore.jsm, line 66: Error: Can't find profile directory.
console.error: SearchCache: "_readCacheFile: Error reading cache file:" (new Error("", "(unknown module)"))
1599221501430	Marionette	INFO	Listening on port 54923
1599221501788	Marionette	WARN	TLS certificate errors will be ignored for this session
1599221514472	Marionette	INFO	Stopped listening on port 54923

###!!! [Child][RunMessage] Error: Channel closing: too late to send/recv, messages will be lost


###!!! [Child][MessageChannel::SendAndWait] Error: Channel error: cannot send/recv

1599222980832	mozrunner::runner	INFO	Running command: "C:\\Program Files\\Mozilla Firefox\\firefox.exe" "-marionette" "-foreground" "-no-remote" "-profile" "C:\\Users\\Vera\\AppData\\Local\\Temp\\rust_mozprofilez1oDz2"
JavaScript error: resource://gre/modules/XULStore.jsm, line 66: Error: Can't find profile directory.
console.error: SearchCache: "_readCacheFile: Error reading cache file:" (new Error("", "(unknown module)"))
1599222983588	Marionette	INFO	Listening on port 55479
1599222983964	Marionette	WARN	TLS certificate errors will be ignored for this session
1599223326844	Marionette	INFO	Stopped listening on port 55479

###!!! [Child][RunMessage] Error: Channel closing: too late to send/recv, messages will be lost


###!!! [Child][MessageChannel::SendAndWait] Error: Channel error: cannot send/recv

modules/XULStore.jsm, line 66: Error: Can't find profile directory.
console.error: SearchCache: "_readCacheFile: Error reading cache file:" (new Error("", "(unknown module)"))
1599223022015	Marionette	INFO	Listening on port 55534
1599223022406	Marionette	WARN	TLS certificate errors will be ignored for this session
1599223023519	Marionette	INFO	Stopped listening on port 55534

###!!! [Child][RunMessage] Error: Channel closing: too late to send/recv, messages will be lost


###!!! [Child][MessageChannel::SendAndWait] Error: Channel error: cannot send/recv

1599223309989	mozrunner::runner	INFO	Running command: "C:\\Program Files\\Mozilla Firefox\\firefox.exe" "-marionette" "-foreground" "-no-remote" "-profile" "C:\\Users\\Vera\\AppData\\Local\\Temp\\rust_mozprofileNAzPSz"
JavaScript error: resource://gre/modules/XULStore.jsm, line 66: Error: Can't find profile directory.
console.error: SearchCache: "_readCacheFile: Error reading cache file:" (new Error("", "(unknown module)"))
1599223312651	Marionette	INFO	Listening on port 55835
1599223313119	Marionette	WARN	TLS certificate errors will be ignored for this session
1599223313830	Marionette	INFO	Stopped listening on port 55835

###!!! [Child][RunMessage] Error: Channel closing: too late to send/recv, messages will be lost


###!!! [Child][MessageChannel::SendAndWait] Error: Channel error: cannot send/recv

1599223317935	mozrunner::runner	INFO	Running command: "C:\\Program Files\\Mozilla Firefox\\firefox.exe" "-marionette" "-foreground" "-no-remote" "-profile" "C:\\Users\\Vera\\AppData\\Local\\Temp\\rust_mozprofilevBzf2y"
JavaScript error: resource://gre/modules/XULStore.jsm, line 66: Error: Can't find profile directory.
console.error: SearchCache: "_readCacheFile: Error reading cache file:" (new Error("", "(unknown module)"))
1599223320622	Marionette	INFO	Listening on port 55884
1599223321055	Marionette	WARN	TLS certificate errors will be ignored for this session
1599223322036	Marionette	INFO	Stopped listening on port 55884

###!!! [Child][RunMessage] Error: Channel closing: too late to send/recv, messages will be lost


###!!! [Child][MessageChannel::SendAndWait] Error: Channel error: cannot send/recv

1599224370645	mozrunner::runner	INFO	Running command: "C:\\Program Files\\Mozilla Firefox\\firefox.exe" "-marionette" "-foreground" "-no-remote" "-profile" "C:\\Users\\Vera\\AppData\\Local\\Temp\\rust_mozprofilesjoa2p"
JavaScript error: resource://gre/modules/XULStore.jsm, line 66: Error: Can't find profile directory.
console.error: SearchCache: "_readCacheFile: Error reading cache file:" (new Error("", "(unknown module)"))
1599224373409	Marionette	INFO	Listening on port 56087
1599224373766	Marionette	WARN	TLS certificate errors will be ignored for this session
1599224376443	Marionette	INFO	Stopped listening on port 56087

###!!! [Child][RunMessage] Error: Channel closing: too late to send/recv, messages will be lost


###!!! [Child][MessageChannel::SendAndWait] Error: Channel error: cannot send/recv

1599224453978	mozrunner::runner	INFO	Running command: "C:\\Program Files\\Mozilla Firefox\\firefox.exe" "-marionette" "-foreground" "-no-remote" "-profile" "C:\\Users\\Vera\\AppData\\Local\\Temp\\rust_mozprofileLCNCTA"
JavaScript error: resource://gre/modules/XULStore.jsm, line 66: Error: Can't find profile directory.
console.error: SearchCache: "_readCacheFile: Error reading cache file:" (new Error("", "(unknown module)"))
1599224456756	Marionette	INFO	Listening on port 56141
1599224457106	Marionette	WARN	TLS certificate errors will be ignored for this session
1599224459587	Marionette	INFO	Stopped listening on port 56141

###!!! [Child][RunMessage] Error: Channel closing: too late to send/recv, messages will be lost


###!!! [Child][MessageChannel::SendAndWait] Error: Channel error: cannot send/recv

1599224742631	mozrunner::runner	INFO	Running command: "C:\\Program Files\\Mozilla Firefox\\firefox.exe" "-marionette" "-foreground" "-no-remote" "-profile" "C:\\Users\\Vera\\AppData\\Local\\Temp\\rust_mozprofileydjqXK"
JavaScript error: resource://gre/modules/XULStore.jsm, line 66: Error: Can't find profile directory.
console.error: SearchCache: "_readCacheFile: Error reading cache file:" (new Error("", "(unknown module)"))
1599224745368	Marionette	INFO	Listening on port 56263
1599224745751	Marionette	WARN	TLS certificate errors will be ignored for this session
1599226104318	Marionette	INFO	Stopped listening on port 56263

###!!! [Child][RunMessage] Error: Channel closing: too late to send/recv, messages will be lost


###!!! [Child][MessageChannel::SendAndWait] Error: Channel error: cannot send/recv

modules/XULStore.jsm, line 66: Error: Can't find profile directory.
console.error: SearchCache: "_readCacheFile: Error reading cache file:" (new Error("", "(unknown module)"))
1599224996323	Marionette	INFO	Listening on port 56327
1599224996336	Marionette	WARN	TLS certificate errors will be ignored for this session
1599225061669	Marionette	INFO	Stopped listening on port 56327

###!!! [Child][RunMessage] Error: Channel closing: too late to send/recv, messages will be lost


###!!! [Child][MessageChannel::SendAndWait] Error: Channel error: cannot send/recv

1599226085973	mozrunner::runner	INFO	Running command: "C:\\Program Files\\Mozilla Firefox\\firefox.exe" "-marionette" "-foreground" "-no-remote" "-profile" "C:\\Users\\Vera\\AppData\\Local\\Temp\\rust_mozprofileFn66EP"
JavaScript error: resource://gre/modules/XULStore.jsm, line 66: Error: Can't find profile directory.
console.error: SearchCache: "_readCacheFile: Error reading cache file:" (new Error("", "(unknown module)"))
1599226088784	Marionette	INFO	Listening on port 56504
1599226089103	Marionette	WARN	TLS certificate errors will be ignored for this session
1599226165245	Marionette	INFO	Stopped listening on port 56504

###!!! [Child][RunMessage] Error: Channel closing: too late to send/recv, messages will be lost


###!!! [Child][MessageChannel::SendAndWait] Error: Channel error: cannot send/recv

1599226383662	mozrunner::runner	INFO	Running command: "C:\\Program Files\\Mozilla Firefox\\firefox.exe" "-marionette" "-foreground" "-no-remote" "-profile" "C:\\Users\\Vera\\AppData\\Local\\Temp\\rust_mozprofile7dWqop"
JavaScript error: resource://gre/modules/XULStore.jsm, line 66: Error: Can't find profile directory.
console.error: SearchCache: "_readCacheFile: Error reading cache file:" (new Error("", "(unknown module)"))
1599226386670	Marionette	INFO	Listening on port 56609
1599226386787	Marionette	WARN	TLS certificate errors will be ignored for this session
1599226453172	Marionette	INFO	Stopped listening on port 56609

###!!! [Child][RunMessage] Error: Channel closing: too late to send/recv, messages will be lost


###!!! [Child][MessageChannel::SendAndWait] Error: Channel error: cannot send/recv

1599227329484	mozrunner::runner	INFO	Running command: "C:\\Program Files\\Mozilla Firefox\\firefox.exe" "-marionette" "-foreground" "-no-remote" "-profile" "C:\\Users\\Vera\\AppData\\Local\\Temp\\rust_mozprofileRCnARa"
JavaScript error: resource://gre/modules/XULStore.jsm, line 66: Error: Can't find profile directory.
console.error: SearchCache: "_readCacheFile: Error reading cache file:" (new Error("", "(unknown module)"))
1599227332186	Marionette	INFO	Listening on port 56773
1599227332605	Marionette	WARN	TLS certificate errors will be ignored for this session
1599227404512	Marionette	INFO	Stopped listening on port 56773

###!!! [Child][RunMessage] Error: Channel closing: too late to send/recv, messages will be lost


###!!! [Child][MessageChannel::SendAndWait] Error: Channel error: cannot send/recv

1599229247286	mozrunner::runner	INFO	Running command: "C:\\Program Files\\Mozilla Firefox\\firefox.exe" "-marionette" "-foreground" "-no-remote" "-profile" "C:\\Users\\Vera\\AppData\\Local\\Temp\\rust_mozprofilezAkHdO"
JavaScript error: resource://gre/modules/XULStore.jsm, line 66: Error: Can't find profile directory.
console.error: SearchCache: "_readCacheFile: Error reading cache file:" (new Error("", "(unknown module)"))
1599229250178	Marionette	INFO	Listening on port 57035
1599229250404	Marionette	WARN	TLS certificate errors will be ignored for this session
1599229320603	Marionette	INFO	Stopped listening on port 57035

###!!! [Child][RunMessage] Error: Channel closing: too late to send/recv, messages will be lost


###!!! [Child][MessageChannel::SendAndWait] Error: Channel error: cannot send/recv

1599230041850	mozrunner::runner	INFO	Running command: "C:\\Program Files\\Mozilla Firefox\\firefox.exe" "-marionette" "-foreground" "-no-remote" "-profile" "C:\\Users\\Vera\\AppData\\Local\\Temp\\rust_mozprofileLRfQv5"
JavaScript error: resource://gre/modules/XULStore.jsm, line 66: Error: Can't find profile directory.
console.error: SearchCache: "_readCacheFile: Error reading cache file:" (new Error("", "(unknown module)"))
1599230044638	Marionette	INFO	Listening on port 57205
1599230044983	Marionette	WARN	TLS certificate errors will be ignored for this session
1599230084940	Marionette	INFO	Stopped listening on port 57205

###!!! [Child][RunMessage] Error: Channel closing: too late to send/recv, messages will be lost


###!!! [Child][MessageChannel::SendAndWait] Error: Channel error: cannot send/recv

